--2026-05-27 13:18:50--  https://www.cgmlst.org/ncs/schema/Cdifficile/alleles/
Resolving www.cgmlst.org... 65.108.144.94
Connecting to www.cgmlst.org|65.108.144.94|:443... connected.
HTTP request sent, awaiting response... 200 OK
Length: unspecified [application/octet-stream]
Saving to: ‘/scratch/ybrooks/lineage_specific_markers/data/cgmlst_schema_ridom.zip’

     0K .......... .......... .......... .......... ..........  134K
    50K .......... .......... .......... .......... .......... 4.87M
   100K .......... .......... .......... .......... ..........  276K
   150K .......... .......... .......... .......... .......... 9.42M
   200K .......... .......... .......... .......... ..........  285K
   250K .......... .......... .......... .......... .......... 12.7M
   300K .......... .......... .......... .......... .......... 14.9M
   350K .......... .......... .......... .......... .......... 19.4M
   400K .......... .......... .......... .......... .......... 10.4M
   450K .......... .......... .......... .......... ..........  287K
   500K .......... .......... .......... .......... .......... 5.40M
   550K .......... .......... .......... .......... .......... 5.46M
   600K .......... .......... .......... .......... .......... 5.20M
   650K .......... .......... .......... .......... .......... 5.75M
   700K .......... .......... .......... .......... .......... 6.38M
   750K .......... .......... .......... .......... .......... 6.37M
   800K .......... .......... .......... .......... .......... 4.97M
   850K .......... .......... .......... .......... .......... 5.39M
   900K .......... .......... .......... .......... .......... 5.24M
   950K .......... .......... .......... .......... ..........  468K
  1000K .......... .......... .......... .......... ..........  629K
  1050K .......... .......... .......... .......... ..........  141M
  1100K .......... .......... .......... .......... ..........  149M
  1150K .......... .......... .......... .......... .......... 39.1M
  1200K .......... .......... .......... .......... ..........  248M
  1250K .......... .......... .......... .......... ..........  219M
  1300K .......... .......... .......... .......... ..........  254M
  1350K .......... .......... .......... .......... ..........  252M
  1400K .......... .......... .......... .......... .......... 24.7M
  1450K .......... .......... .......... .......... .......... 4.44M
  1500K .......... .......... .......... .......... .......... 5.32M
  1550K .......... .......... .......... .......... ..........  166K
  1600K .......... .......... .......... .......... ..........  246M
  1650K .......... .......... .......... .......... ..........  210M
  1700K .......... .......... .......... .......... ..........  241M
  1750K .......... .......... .......... .......... ..........  252M
  1800K .......... .......... .......... .......... ..........  246M
  1850K .......... .......... .......... .......... ..........  216M
  1900K .......... .......... .......... .......... ..........  249M
  1950K .......... .......... .......... .......... ..........  247M
  2000K .......... .......... .......... .......... ..........  250M
  2050K .......... .......... .......... .......... ..........  215M
  2100K .......... .......... .......... .......... ..........  220M
  2150K .......... .......... .......... .......... .......... 32.1M
  2200K .......... .......... .......... .......... ..........  250M
  2250K .......... .......... .......... .......... ..........  219M
  2300K .......... .......... .......... .......... ..........  242M
  2350K .......... .......... .......... .......... ..........  224M
  2400K .......... .......... .......... .......... ..........  255M
  2450K .......... .......... .......... .......... ..........  249M
  2500K .......... .......... .......... .......... ..........  254M
  2550K .......... .......... .......... .......... ..........  218M
  2600K .......... .......... .......... .......... ..........  241M
  2650K .......... .......... .......... .......... ..........  294K
  2700K .......... .......... .......... .......... ..........  131M
  2750K .......... .......... .......... .......... ..........  129M
  2800K .......... .......... .......... .......... ..........  173M
  2850K .......... .......... .......... .......... ..........  253M
  2900K .......... .......... .......... .......... ..........  248M
  2950K .......... .......... .......... .......... ..........  217M
  3000K .......... .......... .......... .......... ..........  245M
  3050K .......... .......... .......... .......... ..........  251M
  3100K .......... .......... .......... .......... ..........  249M
  3150K .......... .......... .......... .......... .......... 60.0M
  3200K .......... .......... .......... .......... ..........  508K
  3250K .......... .......... .......... .......... ..........  147M
  3300K .......... .......... .......... .......... ..........  175M
  3350K .......... .......... .......... .......... ..........  218M
  3400K .......... .......... .......... .......... ..........  248M
  3450K .......... .......... .......... .......... .......... 1.05M
  3500K .......... .......... .......... .......... ..........  145M
  3550K .......... .......... .......... .......... ..........  113M
  3600K .......... .......... .......... .......... ..........  155M
  3650K .......... .......... .......... .......... ..........  215M
  3700K .......... .......... .......... .......... ..........  251M
  3750K .......... .......... .......... .......... .......... 1003K
  3800K .......... .......... .......... .......... ..........  244M
  3850K .......... .......... .......... .......... ..........  178M
  3900K .......... .......... .......... .......... ..........  245M
  3950K .......... .......... .......... .......... ..........  231M
  4000K .......... .......... .......... .......... .......... 1.46M
  4050K .......... .......... .......... .......... ..........  218M
  4100K .......... .......... .......... .......... ..........  248M
  4150K .......... .......... .......... .......... ..........  244M
  4200K .......... .......... .......... .......... .......... 1.12M
  4250K .......... .......... .......... .......... ..........  111M
  4300K .......... .......... .......... .......... ..........  144M
  4350K .......... .......... .......... .......... ..........  144M
  4400K .......... .......... .......... .......... ..........  187M
  4450K .......... .......... .......... .......... .......... 1.26M
  4500K .......... .......... .......... .......... ..........  164M
  4550K .......... .......... .......... .......... ..........  219M
  4600K .......... .......... .......... .......... ..........  246M
  4650K .......... .......... .......... .......... .......... 1.34M
  4700K .......... .......... .......... .......... ..........  218M
  4750K .......... .......... .......... .......... ..........  236M
  4800K .......... .......... .......... .......... ..........  254M
  4850K .......... .......... .......... .......... .......... 1.35M
  4900K .......... .......... .......... .......... ..........  161M
  4950K .......... .......... .......... .......... ..........  250M
  5000K .......... .......... .......... .......... ..........  251M
  5050K .......... .......... .......... .......... ..........  218M
  5100K .......... .......... .......... .......... ..........  252M
  5150K .......... .......... .......... .......... ..........  240M
  5200K .......... .......... .......... .......... ..........  242M
  5250K .......... .......... .......... .......... .......... 36.7M
  5300K .......... .......... .......... .......... ..........  249M
  5350K .......... .......... .......... .......... ..........  236M
  5400K .......... .......... .......... .......... ..........  232M
  5450K .......... .......... .......... .......... ..........  212M
  5500K .......... .......... .......... .......... ..........  241M
  5550K .......... .......... .......... .......... ..........  252M
  5600K .......... .......... .......... .......... ..........  243M
  5650K .......... .......... .......... .......... .......... 5.79M
  5700K .......... .......... .......... .......... .......... 4.85M
  5750K .......... .......... .......... .......... .......... 5.38M
  5800K .......... .......... .......... .......... .......... 4.05M
  5850K .......... .......... .......... .......... .......... 3.54M
  5900K .......... .......... .......... .......... .......... 3.98M
  5950K .......... .......... .......... .......... .......... 3.54M
  6000K .......... .......... .......... .......... .......... 3.78M
  6050K .......... .......... .......... .......... .......... 3.56M
  6100K .......... .......... .......... .......... .......... 3.95M
  6150K .......... .......... .......... .......... .......... 4.44M
  6200K .......... .......... .......... .......... .......... 3.81M
  6250K .......... .......... .......... .......... .......... 2.59M
  6300K .......... .......... .......... .......... .......... 2.92M
  6350K .......... .......... .......... .......... .......... 3.70M
  6400K .......... .......... .......... .......... .......... 3.73M
  6450K .......... .......... .......... .......... .......... 2.68M
  6500K .......... .......... .......... .......... .......... 2.81M
  6550K .......... .......... .......... .......... .......... 2.68M
  6600K .......... .......... .......... .......... .......... 2.74M
  6650K .......... .......... .......... .......... .......... 2.33M
  6700K .......... .......... .......... .......... .......... 2.89M
  6750K .......... .......... .......... .......... .......... 2.81M
  6800K .......... .......... .......... .......... .......... 2.85M
  6850K .......... .......... .......... .......... .......... 2.49M
  6900K .......... .......... .......... .......... .......... 3.96M
  6950K .......... .......... .......... .......... .......... 3.26M
  7000K .......... .......... .......... .......... .......... 3.41M
  7050K .......... .......... .......... .......... .......... 2.74M
  7100K .......... .......... .......... .......... .......... 2.71M
  7150K .......... .......... .......... .......... .......... 2.31M
  7200K .......... .......... .......... .......... .......... 2.96M
  7250K .......... .......... .......... .......... .......... 3.05M
  7300K .......... .......... .......... .......... .......... 2.83M
  7350K .......... .......... .......... .......... .......... 2.35M
  7400K .......... .......... .......... .......... .......... 3.12M
  7450K .......... .......... .......... .......... .......... 3.86M
  7500K .......... .......... .......... .......... .......... 3.78M
  7550K .......... .......... .......... .......... .......... 2.82M
  7600K .......... .......... .......... .......... .......... 3.13M
  7650K .......... .......... .......... .......... .......... 2.62M
  7700K .......... .......... .......... .......... .......... 3.00M
  7750K .......... .......... .......... .......... .......... 2.35M
  7800K .......... .......... .......... .......... .......... 3.12M
  7850K .......... .......... .......... .......... .......... 3.08M
  7900K .......... .......... .......... .......... .......... 2.88M
  7950K .......... .......... .......... .......... .......... 2.35M
  8000K .......... .......... .......... .......... .......... 3.72M
  8050K .......... .......... .......... .......... .......... 3.89M
  8100K .......... .......... .......... .......... .......... 3.92M
  8150K .......... .......... .......... .......... .......... 2.59M
  8200K .......... .......... .......... .......... .......... 2.82M
  8250K .......... .......... .......... .......... .......... 2.88M
  8300K .......... .......... .......... .......... .......... 2.94M
  8350K .......... .......... .......... .......... .......... 2.55M
  8400K .......... .......... .......... .......... .......... 2.97M
  8450K .......... .......... .......... .......... .......... 2.82M
  8500K .......... .......... .......... .......... .......... 2.76M
  8550K .......... .......... .......... .......... .......... 3.15M
  8600K .......... .......... .......... .......... .......... 3.98M
  8650K .......... .......... .......... .......... .......... 4.01M
  8700K .......... .......... .......... .......... .......... 3.06M
  8750K .......... .......... .......... .......... .......... 2.73M
  8800K .......... .......... .......... .......... .......... 2.56M
  8850K .......... .......... .......... .......... .......... 3.02M
  8900K .......... .......... .......... .......... .......... 3.09M
  8950K .......... .......... .......... .......... .......... 2.87M
  9000K .......... .......... .......... .......... .......... 2.76M
  9050K .......... .......... .......... .......... .......... 2.98M
  9100K .......... .......... .......... .......... .......... 3.04M
  9150K .......... .......... .......... .......... .......... 3.76M
  9200K .......... .......... .......... .......... .......... 3.31M
  9250K .......... .......... .......... .......... .......... 4.31M
  9300K .......... .......... .......... .......... .......... 2.90M
  9350K .......... .......... .......... .......... .......... 3.23M
  9400K .......... .......... .......... .......... .......... 2.42M
  9450K .......... .......... .......... .......... .......... 2.93M
  9500K .......... .......... .......... .......... .......... 2.81M
  9550K .......... .......... .......... .......... .......... 4.12M
  9600K .......... .......... .......... .......... .......... 2.17M
  9650K .......... .......... .......... .......... .......... 3.48M
  9700K .......... .......... .......... .......... .......... 3.07M
  9750K .......... .......... .......... .......... .......... 3.43M
  9800K .......... .......... .......... .......... .......... 3.81M
  9850K .......... .......... .......... .......... .......... 4.41M
  9900K .......... .......... .......... .......... .......... 2.87M
  9950K .......... .......... .......... .......... .......... 3.02M
 10000K .......... .......... .......... .......... .......... 2.62M
 10050K .......... .......... .......... .......... .......... 2.96M
 10100K .......... .......... .......... .......... .......... 2.85M
 10150K .......... .......... .......... .......... .......... 3.27M
 10200K .......... .......... .......... .......... .......... 2.49M
 10250K .......... .......... .......... .......... .......... 3.26M
 10300K .......... .......... .......... .......... .......... 3.29M
 10350K .......... .......... .......... .......... .......... 3.35M
 10400K .......... .......... .......... .......... .......... 3.67M
 10450K .......... .......... .......... .......... .......... 4.54M
 10500K .......... .......... .......... .......... .......... 3.06M
 10550K .......... .......... .......... .......... .......... 3.08M
 10600K .......... .......... .......... .......... .......... 2.60M
 10650K .......... .......... .......... .......... .......... 3.06M
 10700K .......... .......... .......... .......... .......... 2.94M
 10750K .......... .......... .......... .......... .......... 3.36M
 10800K .......... .......... .......... .......... .......... 2.51M
 10850K .......... .......... .......... .......... .......... 3.25M
 10900K .......... .......... .......... .......... .......... 3.35M
 10950K .......... .......... .......... .......... .......... 3.34M
 11000K .......... .......... .......... .......... .......... 3.75M
 11050K .......... .......... .......... .......... .......... 4.13M
 11100K .......... .......... .......... .......... .......... 3.33M
 11150K .......... .......... .......... .......... .......... 3.20M
 11200K .......... .......... .......... .......... .......... 2.57M
 11250K .......... .......... .......... .......... .......... 3.20M
 11300K .......... .......... .......... .......... .......... 2.91M
 11350K .......... .......... .......... .......... .......... 3.73M
 11400K .......... .......... .......... .......... .......... 2.43M
 11450K .......... .......... .......... .......... .......... 3.24M
 11500K .......... .......... .......... .......... .......... 3.31M
 11550K .......... .......... .......... .......... .......... 3.60M
 11600K .......... .......... .......... .......... .......... 3.14M
 11650K .......... .......... .......... .......... .......... 4.30M
 11700K .......... .......... .......... .......... .......... 3.94M
 11750K .......... .......... .......... .......... .......... 3.35M
 11800K .......... .......... .......... .......... .......... 2.38M
 11850K .......... .......... .......... .......... .......... 3.06M
 11900K .......... .......... .......... .......... .......... 3.37M
 11950K .......... .......... .......... .......... .......... 3.41M
 12000K .......... .......... .......... .......... .......... 2.70M
 12050K .......... .......... .......... .......... .......... 3.03M
 12100K .......... .......... .......... .......... .......... 3.51M
 12150K .......... .......... .......... .......... .......... 3.43M
 12200K .......... .......... .......... .......... .......... 3.07M
 12250K .......... .......... .......... .......... .......... 3.73M
 12300K .......... .......... .......... .......... .......... 4.44M
 12350K .......... .......... .......... .......... .......... 3.62M
 12400K .......... .......... .......... .......... .......... 2.62M
 12450K .......... .......... .......... .......... .......... 3.15M
 12500K .......... .......... .......... .......... .......... 2.86M
 12550K .......... .......... .......... .......... .......... 3.43M
 12600K .......... .......... .......... .......... .......... 2.71M
 12650K .......... .......... .......... .......... .......... 3.50M
 12700K .......... .......... .......... .......... .......... 3.01M
 12750K .......... .......... .......... .......... .......... 3.34M
 12800K .......... .......... .......... .......... .......... 3.19M
 12850K .......... .......... .......... .......... .......... 3.96M
 12900K .......... .......... .......... .......... .......... 3.83M
 12950K .......... .......... .......... .......... .......... 4.13M
 13000K .......... .......... .......... .......... .......... 2.86M
 13050K .......... .......... .......... .......... .......... 2.83M
 13100K .......... .......... .......... .......... .......... 3.10M
 13150K .......... .......... .......... .......... .......... 3.66M
 13200K .......... .......... .......... .......... .......... 2.81M
 13250K .......... .......... .......... .......... .......... 3.27M
 13300K .......... .......... .......... .......... .......... 3.08M
 13350K .......... .......... .......... .......... .......... 3.29M
 13400K .......... .......... .......... .......... .......... 2.95M
 13450K .......... .......... .......... .......... .......... 3.81M
 13500K .......... .......... .......... .......... .......... 4.15M
 13550K .......... .......... .......... .......... .......... 3.82M
 13600K .......... .......... .......... .......... .......... 3.46M
 13650K .......... .......... .......... .......... .......... 3.14M
 13700K .......... .......... .......... .......... .......... 3.06M
 13750K .......... .......... .......... .......... .......... 3.08M
 13800K .......... .......... .......... .......... .......... 3.04M
 13850K .......... .......... .......... .......... .......... 3.13M
 13900K .......... .......... .......... .......... .......... 3.32M
 13950K .......... .......... .......... .......... .......... 2.84M
 14000K .......... .......... .......... .......... .......... 3.39M
 14050K .......... .......... .......... .......... .......... 3.34M
 14100K .......... .......... .......... .......... .......... 3.95M
 14150K .......... .......... .......... .......... .......... 3.87M
 14200K .......... .......... .......... .......... .......... 3.93M
 14250K .......... .......... .......... .......... .......... 2.99M
 14300K .......... .......... .......... .......... .......... 3.16M
 14350K .......... .......... .......... .......... .......... 3.16M
 14400K .......... .......... .......... .......... .......... 2.90M
 14450K .......... .......... .......... .......... .......... 3.77M
 14500K .......... .......... .......... .......... .......... 3.03M
 14550K .......... .......... .......... .......... .......... 2.80M
 14600K .......... .......... .......... .......... .......... 3.29M
 14650K .......... .......... .......... .......... .......... 3.43M
 14700K .......... .......... .......... .......... .......... 3.70M
 14750K .......... .......... .......... .......... .......... 3.43M
 14800K .......... .......... .......... .......... .......... 3.75M
 14850K .......... .......... .......... .......... .......... 4.18M
 14900K .......... .......... .......... .......... .......... 3.66M
 14950K .......... .......... .......... .......... .......... 2.60M
 15000K .......... .......... .......... .......... .......... 3.00M
 15050K .......... .......... .......... .......... .......... 3.70M
 15100K .......... .......... .......... .......... .......... 3.88M
 15150K .......... .......... .......... .......... .......... 2.66M
 15200K .......... .......... .......... .......... .......... 2.80M
 15250K .......... .......... .......... .......... .......... 3.75M
 15300K .......... .......... .......... .......... .......... 3.50M
 15350K .......... .......... .......... .......... .......... 3.15M
 15400K .......... .......... .......... .......... .......... 3.99M
 15450K .......... .......... .......... .......... .......... 4.00M
 15500K .......... .......... .......... .......... .......... 3.79M
 15550K .......... .......... .......... .......... .......... 3.12M
 15600K .......... .......... .......... .......... .......... 3.13M
 15650K .......... .......... .......... .......... .......... 3.12M
 15700K .......... .......... .......... .......... .......... 3.68M
 15750K .......... .......... .......... .......... .......... 2.95M
 15800K .......... .......... .......... .......... .......... 3.05M
 15850K .......... .......... .......... .......... .......... 3.20M
 15900K .......... .......... .......... .......... .......... 3.63M
 15950K .......... .......... .......... .......... .......... 3.11M
 16000K .......... .......... .......... .......... .......... 3.58M
 16050K .......... .......... .......... .......... .......... 3.78M
 16100K .......... .......... .......... .......... .......... 4.05M
 16150K .......... .......... .......... .......... .......... 3.41M
 16200K .......... .......... .......... .......... .......... 3.74M
 16250K .......... .......... .......... .......... .......... 3.00M
 16300K .......... .......... .......... .......... .......... 3.22M
 16350K .......... .......... .......... .......... .......... 2.92M
 16400K .......... .......... .......... .......... .......... 3.63M
 16450K .......... .......... .......... .......... .......... 3.13M
 16500K .......... .......... .......... .......... .......... 3.23M
 16550K .......... .......... .......... .......... .......... 3.13M
 16600K .......... .......... .......... .......... .......... 3.48M
 16650K .......... .......... .......... .......... .......... 3.62M
 16700K .......... .......... .......... .......... .......... 4.18M
 16750K .......... .......... .......... .......... .......... 3.31M
 16800K .......... .......... .......... .......... .......... 3.81M
 16850K .......... .......... .......... .......... .......... 3.54M
 16900K .......... .......... .......... .......... .......... 3.24M
 16950K .......... .......... .......... .......... .......... 2.67M
 17000K .......... .......... .......... .......... .......... 3.79M
 17050K .......... .......... .......... .......... .......... 3.54M
 17100K .......... .......... .......... .......... .......... 3.18M
 17150K .......... .......... .......... .......... .......... 2.76M
 17200K .......... .......... .......... .......... .......... 3.72M
 17250K .......... .......... .......... .......... .......... 3.49M
 17300K .......... .......... .......... .......... .......... 3.62M
 17350K .......... .......... .......... .......... .......... 3.63M
 17400K .......... .......... .......... .......... .......... 3.82M
 17450K .......... .......... .......... .......... .......... 3.64M
 17500K .......... .......... .......... .......... .......... 3.70M
 17550K .......... .......... .......... .......... .......... 2.96M
 17600K .......... .......... .......... .......... .......... 3.03M
 17650K .......... .......... .......... .......... .......... 3.63M
 17700K .......... .......... .......... .......... .......... 3.32M
 17750K .......... .......... .......... .......... .......... 2.82M
 17800K .......... .......... .......... .......... .......... 3.16M
 17850K .......... .......... .......... .......... .......... 3.61M
 17900K .......... .......... .......... .......... .......... 3.67M
 17950K .......... .......... .......... .......... .......... 3.16M
 18000K .......... .......... .......... .......... .......... 3.99M
 18050K .......... .......... .......... .......... .......... 3.93M
 18100K .......... .......... .......... .......... .......... 4.30M
 18150K .......... .......... .......... .......... .......... 3.15M
 18200K .......... .......... .......... .......... .......... 3.17M
 18250K .......... .......... .......... .......... .......... 3.17M
 18300K .......... .......... .......... .......... .......... 3.55M
 18350K .......... .......... .......... .......... .......... 2.79M
 18400K .......... .......... .......... .......... .......... 3.35M
 18450K .......... .......... .......... .......... .......... 3.12M
 18500K .......... .......... .......... .......... .......... 3.41M
 18550K .......... .......... .......... .......... .......... 3.48M
 18600K .......... .......... .......... .......... .......... 3.38M
 18650K .......... .......... .......... .......... .......... 4.08M
 18700K .......... .......... .......... .......... .......... 4.21M
 18750K .......... .......... .......... .......... .......... 3.38M
 18800K .......... .......... .......... .......... .......... 3.40M
 18850K .......... .......... .......... .......... .......... 3.63M
 18900K .......... .......... .......... .......... .......... 3.29M
 18950K .......... .......... .......... .......... .......... 2.81M
 19000K .......... .......... .......... .......... .......... 3.28M
 19050K .......... .......... .......... .......... .......... 3.53M
 19100K .......... .......... .......... .......... .......... 3.01M
 19150K .......... .......... .......... .......... .......... 2.85M
 19200K .......... .......... .......... .......... .......... 3.96M
 19250K .......... .......... .......... .......... .......... 3.69M
 19300K .......... .......... .......... .......... .......... 4.09M
 19350K .......... .......... .......... .......... .......... 3.47M
 19400K .......... .......... .......... .......... .......... 3.71M
 19450K .......... .......... .......... .......... .......... 3.65M
 19500K .......... .......... .......... .......... .......... 3.89M
 19550K .......... .......... .......... .......... .......... 2.68M
 19600K .......... .......... .......... .......... .......... 3.21M
 19650K .......... .......... .......... .......... .......... 3.51M
 19700K .......... .......... .......... .......... .......... 3.43M
 19750K .......... .......... .......... .......... .......... 2.67M
 19800K .......... .......... .......... .......... .......... 3.35M
 19850K .......... .......... .......... .......... .......... 3.81M
 19900K .......... .......... .......... .......... .......... 3.70M
 19950K .......... .......... .......... .......... .......... 3.55M
 20000K .......... .......... .......... .......... .......... 4.02M
 20050K .......... .......... .......... .......... .......... 3.97M
 20100K .......... .......... .......... .......... .......... 3.62M
 20150K .......... .......... .......... .......... .......... 3.10M
 20200K .......... .......... .......... .......... .......... 3.00M
 20250K .......... .......... .......... .......... .......... 3.35M
 20300K .......... .......... .......... .......... .......... 3.68M
 20350K .......... .......... .......... .......... .......... 3.04M
 20400K .......... .......... .......... .......... .......... 3.04M
 20450K .......... .......... .......... .......... .......... 3.27M
 20500K .......... .......... .......... .......... .......... 3.74M
 20550K .......... .......... .......... .........             4.43M=6.6s

2026-05-27 13:18:57 (3.05 MB/s) - ‘/scratch/ybrooks/lineage_specific_markers/data/cgmlst_schema_ridom.zip’ saved [21084001]

Archive:  /scratch/ybrooks/lineage_specific_markers/data/cgmlst_schema_ridom.zip
  inflating: CD630_00010.fasta       
  inflating: CD630_00020.fasta       
  inflating: CD630_00030.fasta       
  inflating: CD630_00040.fasta       
  inflating: CD630_00050.fasta       
  inflating: CD630_00060.fasta       
  inflating: CD630_00070.fasta       
  inflating: CD630_00080.fasta       
  inflating: CD630_00090.fasta       
  inflating: CD630_00100.fasta       
  inflating: CD630_00110.fasta       
  inflating: CD630_00130.fasta       
  inflating: CD630_00150.fasta       
  inflating: CD630_00160.fasta       
  inflating: CD630_00170.fasta       
  inflating: CD630_00180.fasta       
  inflating: CD630_00181.fasta       
  inflating: CD630_00190.fasta       
  inflating: CD630_00200.fasta       
  inflating: CD630_00210.fasta       
  inflating: CD630_00220.fasta       
  inflating: CD630_00230.fasta       
  inflating: CD630_00240.fasta       
  inflating: CD630_00260.fasta       
  inflating: CD630_00270.fasta       
  inflating: CD630_00280.fasta       
  inflating: CD630_00290.fasta       
  inflating: CD630_00300.fasta       
  inflating: CD630_00350.fasta       
  inflating: CD630_00360.fasta       
  inflating: CD630_00370.fasta       
  inflating: CD630_00380.fasta       
  inflating: CD630_00390.fasta       
  inflating: CD630_00400.fasta       
  inflating: CD630_00420.fasta       
  inflating: CD630_00430.fasta       
  inflating: CD630_00440.fasta       
  inflating: CD630_00450.fasta       
  inflating: CD630_00460.fasta       
  inflating: CD630_00470.fasta       
  inflating: CD630_00480.fasta       
  inflating: CD630_00500.fasta       
  inflating: CD630_00510.fasta       
  inflating: CD630_00511.fasta       
  inflating: CD630_00520.fasta       
  inflating: CD630_00530.fasta       
  inflating: CD630_00550.fasta       
  inflating: CD630_00560.fasta       
  inflating: CD630_00570.fasta       
  inflating: CD630_00581.fasta       
  inflating: CD630_00590.fasta       
  inflating: CD630_00600.fasta       
  inflating: CD630_00610.fasta       
  inflating: CD630_00620.fasta       
  inflating: CD630_00630.fasta       
  inflating: CD630_00640.fasta       
  inflating: CD630_00650.fasta       
  inflating: CD630_00660.fasta       
  inflating: CD630_00670.fasta       
  inflating: CD630_00680.fasta       
  inflating: CD630_00690.fasta       
  inflating: CD630_00700.fasta       
  inflating: CD630_00720.fasta       
  inflating: CD630_00730.fasta       
  inflating: CD630_00740.fasta       
  inflating: CD630_00750.fasta       
  inflating: CD630_00760.fasta       
  inflating: CD630_00770.fasta       
  inflating: CD630_00780.fasta       
  inflating: CD630_00800.fasta       
  inflating: CD630_00801.fasta       
  inflating: CD630_00810.fasta       
  inflating: CD630_00820.fasta       
  inflating: CD630_00830.fasta       
  inflating: CD630_00840.fasta       
  inflating: CD630_00841.fasta       
  inflating: CD630_00850.fasta       
  inflating: CD630_00860.fasta       
  inflating: CD630_00870.fasta       
  inflating: CD630_00880.fasta       
  inflating: CD630_00881.fasta       
  inflating: CD630_00890.fasta       
  inflating: CD630_00900.fasta       
  inflating: CD630_00910.fasta       
  inflating: CD630_00920.fasta       
  inflating: CD630_00930.fasta       
  inflating: CD630_00940.fasta       
  inflating: CD630_00941.fasta       
  inflating: CD630_00950.fasta       
  inflating: CD630_00960.fasta       
  inflating: CD630_00970.fasta       
  inflating: CD630_00980.fasta       
  inflating: CD630_00990.fasta       
  inflating: CD630_01010.fasta       
  inflating: CD630_01030.fasta       
  inflating: CD630_01040.fasta       
  inflating: CD630_01050.fasta       
  inflating: CD630_01060.fasta       
  inflating: CD630_01070.fasta       
  inflating: CD630_01080.fasta       
  inflating: CD630_01090.fasta       
  inflating: CD630_01100.fasta       
  inflating: CD630_01110.fasta       
  inflating: CD630_01111.fasta       
  inflating: CD630_01120.fasta       
  inflating: CD630_01130.fasta       
  inflating: CD630_01150.fasta       
  inflating: CD630_01160.fasta       
  inflating: CD630_01170.fasta       
  inflating: CD630_01180.fasta       
  inflating: CD630_01190.fasta       
  inflating: CD630_01200.fasta       
  inflating: CD630_01230.fasta       
  inflating: CD630_01240.fasta       
  inflating: CD630_01250.fasta       
  inflating: CD630_01260.fasta       
  inflating: CD630_01270.fasta       
  inflating: CD630_01280.fasta       
  inflating: CD630_01290.fasta       
  inflating: CD630_01300.fasta       
  inflating: CD630_01310.fasta       
  inflating: CD630_01320.fasta       
  inflating: CD630_01330.fasta       
  inflating: CD630_01340.fasta       
  inflating: CD630_01350.fasta       
  inflating: CD630_01360.fasta       
  inflating: CD630_01370.fasta       
  inflating: CD630_01390.fasta       
  inflating: CD630_01400.fasta       
  inflating: CD630_01410.fasta       
  inflating: CD630_01420.fasta       
  inflating: CD630_01430.fasta       
  inflating: CD630_01440.fasta       
  inflating: CD630_01450.fasta       
  inflating: CD630_01460.fasta       
  inflating: CD630_01470.fasta       
  inflating: CD630_01480.fasta       
  inflating: CD630_01490.fasta       
  inflating: CD630_01500.fasta       
  inflating: CD630_01520.fasta       
  inflating: CD630_01530.fasta       
  inflating: CD630_01550.fasta       
  inflating: CD630_01680.fasta       
  inflating: CD630_01690.fasta       
  inflating: CD630_01700.fasta       
  inflating: CD630_01710.fasta       
  inflating: CD630_01720.fasta       
  inflating: CD630_01721.fasta       
  inflating: CD630_01740.fasta       
  inflating: CD630_01760.fasta       
  inflating: CD630_01770.fasta       
  inflating: CD630_01790.fasta       
  inflating: CD630_01840.fasta       
  inflating: CD630_01860.fasta       
  inflating: CD630_01870.fasta       
  inflating: CD630_01880.fasta       
  inflating: CD630_01890.fasta       
  inflating: CD630_01900.fasta       
  inflating: CD630_01910.fasta       
  inflating: CD630_01920.fasta       
  inflating: CD630_01930.fasta       
  inflating: CD630_01940.fasta       
  inflating: CD630_01950.fasta       
  inflating: CD630_01980.fasta       
  inflating: CD630_02050.fasta       
  inflating: CD630_02060.fasta       
  inflating: CD630_02070.fasta       
  inflating: CD630_02080.fasta       
  inflating: CD630_02090.fasta       
  inflating: CD630_02180.fasta       
  inflating: CD630_02190.fasta       
  inflating: CD630_02200.fasta       
  inflating: CD630_02230.fasta       
  inflating: CD630_02240.fasta       
  inflating: CD630_02250.fasta       
  inflating: CD630_02260.fasta       
  inflating: CD630_02270.fasta       
  inflating: CD630_02280.fasta       
  inflating: CD630_02290.fasta       
  inflating: CD630_02300.fasta       
  inflating: CD630_02310.fasta       
  inflating: CD630_02730.fasta       
  inflating: CD630_02740.fasta       
  inflating: CD630_02750.fasta       
  inflating: CD630_02760.fasta       
  inflating: CD630_02770.fasta       
  inflating: CD630_02791.fasta       
  inflating: CD630_02820.fasta       
  inflating: CD630_02830.fasta       
  inflating: CD630_02840.fasta       
  inflating: CD630_02850.fasta       
  inflating: CD630_02860.fasta       
  inflating: CD630_02870.fasta       
  inflating: CD630_02880.fasta       
  inflating: CD630_02900.fasta       
  inflating: CD630_02910.fasta       
  inflating: CD630_02920.fasta       
  inflating: CD630_02921.fasta       
  inflating: CD630_02930.fasta       
  inflating: CD630_02940.fasta       
  inflating: CD630_02950.fasta       
  inflating: CD630_02960.fasta       
  inflating: CD630_02980.fasta       
  inflating: CD630_02990.fasta       
  inflating: CD630_03010.fasta       
  inflating: CD630_03030.fasta       
  inflating: CD630_03040.fasta       
  inflating: CD630_03060.fasta       
  inflating: CD630_03080.fasta       
  inflating: CD630_03090.fasta       
  inflating: CD630_03100.fasta       
  inflating: CD630_03120.fasta       
  inflating: CD630_03130.fasta       
  inflating: CD630_03140.fasta       
  inflating: CD630_03240.fasta       
  inflating: CD630_03270.fasta       
  inflating: CD630_03280.fasta       
  inflating: CD630_03300.fasta       
  inflating: CD630_03310.fasta       
  inflating: CD630_03330.fasta       
  inflating: CD630_03340.fasta       
  inflating: CD630_03350.fasta       
  inflating: CD630_03400.fasta       
  inflating: CD630_03410.fasta       
  inflating: CD630_03420.fasta       
  inflating: CD630_03430.fasta       
  inflating: CD630_03440.fasta       
  inflating: CD630_03450.fasta       
  inflating: CD630_03460.fasta       
  inflating: CD630_03500.fasta       
  inflating: CD630_03510.fasta       
  inflating: CD630_03520.fasta       
  inflating: CD630_03530.fasta       
  inflating: CD630_03920.fasta       
  inflating: CD630_03930.fasta       
  inflating: CD630_03940.fasta       
  inflating: CD630_03950.fasta       
  inflating: CD630_03960.fasta       
  inflating: CD630_03970.fasta       
  inflating: CD630_03980.fasta       
  inflating: CD630_03990.fasta       
  inflating: CD630_04000.fasta       
  inflating: CD630_04010.fasta       
  inflating: CD630_04020.fasta       
  inflating: CD630_04030.fasta       
  inflating: CD630_04040.fasta       
  inflating: CD630_04410.fasta       
  inflating: CD630_04700.fasta       
  inflating: CD630_04710.fasta       
  inflating: CD630_04750.fasta       
  inflating: CD630_04830.fasta       
  inflating: CD630_04840.fasta       
  inflating: CD630_04850.fasta       
  inflating: CD630_04860.fasta       
  inflating: CD630_04870.fasta       
  inflating: CD630_04880.fasta       
  inflating: CD630_04890.fasta       
  inflating: CD630_04900.fasta       
  inflating: CD630_04910.fasta       
  inflating: CD630_04920.fasta       
  inflating: CD630_04930.fasta       
  inflating: CD630_04940.fasta       
  inflating: CD630_05150.fasta       
  inflating: CD630_05160.fasta       
  inflating: CD630_05170.fasta       
  inflating: CD630_05180.fasta       
  inflating: CD630_05200.fasta       
  inflating: CD630_05230.fasta       
  inflating: CD630_05280.fasta       
  inflating: CD630_05290.fasta       
  inflating: CD630_05300.fasta       
  inflating: CD630_05310.fasta       
  inflating: CD630_05320.fasta       
  inflating: CD630_05330.fasta       
  inflating: CD630_05390.fasta       
  inflating: CD630_05400.fasta       
  inflating: CD630_05410.fasta       
  inflating: CD630_05420.fasta       
  inflating: CD630_05430.fasta       
  inflating: CD630_05440.fasta       
  inflating: CD630_05450.fasta       
  inflating: CD630_05460.fasta       
  inflating: CD630_05470.fasta       
  inflating: CD630_05500.fasta       
  inflating: CD630_05510.fasta       
  inflating: CD630_05520.fasta       
  inflating: CD630_05530.fasta       
  inflating: CD630_05540.fasta       
  inflating: CD630_05560.fasta       
  inflating: CD630_05570.fasta       
  inflating: CD630_05580.fasta       
  inflating: CD630_05590.fasta       
  inflating: CD630_05610.fasta       
  inflating: CD630_05620.fasta       
  inflating: CD630_05630.fasta       
  inflating: CD630_05640.fasta       
  inflating: CD630_05660.fasta       
  inflating: CD630_05670.fasta       
  inflating: CD630_05690.fasta       
  inflating: CD630_05710.fasta       
  inflating: CD630_05720.fasta       
  inflating: CD630_05730.fasta       
  inflating: CD630_05740.fasta       
  inflating: CD630_05760.fasta       
  inflating: CD630_05770.fasta       
  inflating: CD630_05780.fasta       
  inflating: CD630_05790.fasta       
  inflating: CD630_05800.fasta       
  inflating: CD630_05940.fasta       
  inflating: CD630_05950.fasta       
  inflating: CD630_06090.fasta       
  inflating: CD630_06140.fasta       
  inflating: CD630_06150.fasta       
  inflating: CD630_06160.fasta       
  inflating: CD630_06180.fasta       
  inflating: CD630_06190.fasta       
  inflating: CD630_06220.fasta       
  inflating: CD630_06240.fasta       
  inflating: CD630_06260.fasta       
  inflating: CD630_06270.fasta       
  inflating: CD630_06280.fasta       
  inflating: CD630_06290.fasta       
  inflating: CD630_06420.fasta       
  inflating: CD630_06642.fasta       
  inflating: CD630_06650.fasta       
  inflating: CD630_06660.fasta       
  inflating: CD630_06670.fasta       
  inflating: CD630_06680.fasta       
  inflating: CD630_06690.fasta       
  inflating: CD630_06710.fasta       
  inflating: CD630_06730.fasta       
  inflating: CD630_06760.fasta       
  inflating: CD630_06770.fasta       
  inflating: CD630_06840.fasta       
  inflating: CD630_06850.fasta       
  inflating: CD630_06860.fasta       
  inflating: CD630_06870.fasta       
  inflating: CD630_06880.fasta       
  inflating: CD630_06930.fasta       
  inflating: CD630_06950.fasta       
  inflating: CD630_06960.fasta       
  inflating: CD630_06970.fasta       
  inflating: CD630_06990.fasta       
  inflating: CD630_07000.fasta       
  inflating: CD630_07010.fasta       
  inflating: CD630_07020.fasta       
  inflating: CD630_07040.fasta       
  inflating: CD630_07050.fasta       
  inflating: CD630_07060.fasta       
  inflating: CD630_07080.fasta       
  inflating: CD630_07090.fasta       
  inflating: CD630_07100.fasta       
  inflating: CD630_07110.fasta       
  inflating: CD630_07120.fasta       
  inflating: CD630_07121.fasta       
  inflating: CD630_07130.fasta       
  inflating: CD630_07140.fasta       
  inflating: CD630_07150.fasta       
  inflating: CD630_07160.fasta       
  inflating: CD630_07170.fasta       
  inflating: CD630_07180.fasta       
  inflating: CD630_07190.fasta       
  inflating: CD630_07200.fasta       
  inflating: CD630_07210.fasta       
  inflating: CD630_07220.fasta       
  inflating: CD630_07230.fasta       
  inflating: CD630_07240.fasta       
  inflating: CD630_07250.fasta       
  inflating: CD630_07260.fasta       
  inflating: CD630_07270.fasta       
  inflating: CD630_07280.fasta       
  inflating: CD630_07290.fasta       
  inflating: CD630_07300.fasta       
  inflating: CD630_07310.fasta       
  inflating: CD630_07320.fasta       
  inflating: CD630_07330.fasta       
  inflating: CD630_07340.fasta       
  inflating: CD630_07350.fasta       
  inflating: CD630_07360.fasta       
  inflating: CD630_07370.fasta       
  inflating: CD630_07390.fasta       
  inflating: CD630_07440.fasta       
  inflating: CD630_07450.fasta       
  inflating: CD630_07490.fasta       
  inflating: CD630_07500.fasta       
  inflating: CD630_07510.fasta       
  inflating: CD630_07520.fasta       
  inflating: CD630_07530.fasta       
  inflating: CD630_07540.fasta       
  inflating: CD630_07580.fasta       
  inflating: CD630_07590.fasta       
  inflating: CD630_07600.fasta       
  inflating: CD630_07610.fasta       
  inflating: CD630_07700.fasta       
  inflating: CD630_07710.fasta       
  inflating: CD630_07720.fasta       
  inflating: CD630_07730.fasta       
  inflating: CD630_07740.fasta       
  inflating: CD630_07750.fasta       
  inflating: CD630_07760.fasta       
  inflating: CD630_07780.fasta       
  inflating: CD630_07790.fasta       
  inflating: CD630_07800.fasta       
  inflating: CD630_07820.fasta       
  inflating: CD630_07830.fasta       
  inflating: CD630_07840.fasta       
  inflating: CD630_07850.fasta       
  inflating: CD630_07870.fasta       
  inflating: CD630_07880.fasta       
  inflating: CD630_07890.fasta       
  inflating: CD630_07900.fasta       
  inflating: CD630_07910.fasta       
  inflating: CD630_07920.fasta       
  inflating: CD630_07930.fasta       
  inflating: CD630_07950.fasta       
  inflating: CD630_08000.fasta       
  inflating: CD630_08010.fasta       
  inflating: CD630_08020.fasta       
  inflating: CD630_08030.fasta       
  inflating: CD630_08040.fasta       
  inflating: CD630_08050.fasta       
  inflating: CD630_08060.fasta       
  inflating: CD630_08070.fasta       
  inflating: CD630_08090.fasta       
  inflating: CD630_08100.fasta       
  inflating: CD630_08120.fasta       
  inflating: CD630_08130.fasta       
  inflating: CD630_08140.fasta       
  inflating: CD630_08150.fasta       
  inflating: CD630_08180.fasta       
  inflating: CD630_08250.fasta       
  inflating: CD630_08270.fasta       
  inflating: CD630_08280.fasta       
  inflating: CD630_08310.fasta       
  inflating: CD630_08320.fasta       
  inflating: CD630_08330.fasta       
  inflating: CD630_08340.fasta       
  inflating: CD630_08350.fasta       
  inflating: CD630_08360.fasta       
  inflating: CD630_08380.fasta       
  inflating: CD630_08390.fasta       
  inflating: CD630_08400.fasta       
  inflating: CD630_08410.fasta       
  inflating: CD630_08420.fasta       
  inflating: CD630_08440.fasta       
  inflating: CD630_08450.fasta       
  inflating: CD630_08460.fasta       
  inflating: CD630_08470.fasta       
  inflating: CD630_08500.fasta       
  inflating: CD630_08510.fasta       
  inflating: CD630_08520.fasta       
  inflating: CD630_08530.fasta       
  inflating: CD630_08550.fasta       
  inflating: CD630_08560.fasta       
  inflating: CD630_08650.fasta       
  inflating: CD630_08670.fasta       
  inflating: CD630_08680.fasta       
  inflating: CD630_08690.fasta       
  inflating: CD630_08700.fasta       
  inflating: CD630_08720.fasta       
  inflating: CD630_08730.fasta       
  inflating: CD630_08760.fasta       
  inflating: CD630_08800.fasta       
  inflating: CD630_08810.fasta       
  inflating: CD630_08820.fasta       
  inflating: CD630_08830.fasta       
  inflating: CD630_08850.fasta       
  inflating: CD630_08860.fasta       
  inflating: CD630_08880.fasta       
  inflating: CD630_08890.fasta       
  inflating: CD630_08910.fasta       
  inflating: CD630_08930.fasta       
  inflating: CD630_08940.fasta       
  inflating: CD630_08960.fasta       
  inflating: CD630_08970.fasta       
  inflating: CD630_08980.fasta       
  inflating: CD630_08990.fasta       
  inflating: CD630_09020.fasta       
  inflating: CD630_09810.fasta       
  inflating: CD630_09820.fasta       slurmstepd: error: *** JOB 41688628 ON fc30556 CANCELLED AT 2026-05-27T13:19:32 ***
